Build started 7/10/2021 2:50:26 PM.
     1>Project "C:\Users\LENOVO.SX91\Desktop\employee\employee\employee.vcxproj" on node 2 (build target(s)).
     1>PrepareForBuild:
         Creating directory "C:\Users\LENOVO.SX91\Desktop\employee\Debug\".
       InitializeBuildStatus:
         Creating "Debug\employee.unsuccessfulbuild" because "AlwaysCreate" was specified.
       ClCompile:
         C:\Program Files (x86)\Microsoft Visual Studio 10.0\VC\bin\CL.exe /c /ZI /nologo /W3 /WX- /Od /Oy- /D _MBCS /Gm /EHsc /RTC1 /MDd /GS /fp:precise /Zc:wchar_t /Zc:forScope /Fo"Debug\\" /Fd"Debug\vc100.pdb" /Gd /TP /analyze- /errorReport:prompt empolyeecpp.cpp
         empolyeecpp.cpp
       Link:
         C:\Program Files (x86)\Microsoft Visual Studio 10.0\VC\bin\link.exe /ERRORREPORT:PROMPT /OUT:"C:\Users\LENOVO.SX91\Desktop\employee\Debug\employee.exe" /NOLOGO kernel32.lib user32.lib gdi32.lib winspool.lib comdlg32.lib advapi32.lib shell32.lib ole32.lib oleaut32.lib uuid.lib odbc32.lib odbccp32.lib /MANIFEST /ManifestFile:"Debug\employee.exe.intermediate.manifest" /MANIFESTUAC:"level='asInvoker' uiAccess='false'" /DEBUG /PDB:"C:\Users\LENOVO.SX91\Desktop\employee\Debug\employee.pdb" /TLBID:1 /DYNAMICBASE /NXCOMPAT /IMPLIB:"C:\Users\LENOVO.SX91\Desktop\employee\Debug\employee.lib" /MACHINE:X86 Debug\empolyeecpp.obj
         employee.vcxproj -> C:\Users\LENOVO.SX91\Desktop\employee\Debug\employee.exe
       Manifest:
         C:\Program Files (x86)\Microsoft SDKs\Windows\v7.0A\bin\mt.exe /nologo /verbose /outputresource:"C:\Users\LENOVO.SX91\Desktop\employee\Debug\employee.exe;#1" /manifest Debug\employee.exe.intermediate.manifest
       FinalizeBuildStatus:
         Deleting file "Debug\employee.unsuccessfulbuild".
         Touching "Debug\employee.lastbuildstate".
     1>Done Building Project "C:\Users\LENOVO.SX91\Desktop\employee\employee\employee.vcxproj" (build target(s)).

Build succeeded.

Time Elapsed 00:00:01.90
